<?xml version="1.0" encoding="UTF-8"?>
<!-- Generated by org.testng.reporters.JUnitReportReporter -->
<testsuite hostname="Mohits-MacBook-Air.local" failures="0" tests="1" name="jenkintests.RunTheseTesOnJunkins" time="13.461" errors="0" timestamp="10 Oct 2021 15:49:42 GMT">
  <testcase classname="jenkintests.RunTheseTesOnJunkins" name="searchAnItem" time="13.461"/>
</testsuite> <!-- jenkintests.RunTheseTesOnJunkins -->
