<?xml version="1.0" encoding="UTF-8"?>
<!-- Generated by org.testng.reporters.JUnitReportReporter -->
<testsuite hostname="Mohits-MacBook-Air.local" failures="0" tests="1" name="mytest.jenkintests.RunTheseTesOnJunkins" time="13.365" errors="0" timestamp="21 Oct 2021 16:59:10 GMT">
  <testcase classname="mytest.jenkintests.RunTheseTesOnJunkins" name="searchAnItem" time="13.365"/>
</testsuite> <!-- mytest.jenkintests.RunTheseTesOnJunkins -->
