<?xml version="1.0" encoding="UTF-8"?>
<!-- Generated by org.testng.reporters.JUnitReportReporter -->
<testsuite hostname="Mohits-MacBook-Air.local" failures="0" tests="2" name="mytest.conceptTests.ExtentReportsTest" time="17.436" errors="0" timestamp="11 Dec 2021 05:22:46 GMT">
  <testcase classname="mytest.conceptTests.ExtentReportsTest" name="firstTest" time="5.927"/>
  <testcase classname="mytest.conceptTests.ExtentReportsTest" name="secondTest" time="11.509"/>
</testsuite> <!-- mytest.conceptTests.ExtentReportsTest -->
