<?xml version="1.0" encoding="UTF-8"?>
<!-- Generated by org.testng.reporters.JUnitReportReporter -->
<testsuite hostname="Mohits-MacBook-Air.local" failures="0" tests="2" name="org.sel.tests.DataProviderTests" time="0.011" errors="0" timestamp="18 Oct 2021 18:00:03 GMT">
  <testcase classname="org.sel.tests.DataProviderTests" name="runTestMultipleTime" time="0.004"/>
  <testcase classname="org.sel.tests.DataProviderTests" name="runTestMultipleTime" time="0.007"/>
</testsuite> <!-- org.sel.tests.DataProviderTests -->
