<?xml version="1.0" encoding="UTF-8"?>
<!-- Generated by org.testng.reporters.JUnitReportReporter -->
<testsuite hostname="Mohits-MacBook-Air.local" failures="0" tests="2" name="jenkintests.CheckThreadId" time="0.010" errors="0" timestamp="11 Oct 2021 13:12:05 GMT">
  <testcase classname="jenkintests.CheckThreadId" name="testTwo" time="0.003"/>
  <testcase classname="jenkintests.CheckThreadId" name="testOne" time="0.007"/>
</testsuite> <!-- jenkintests.CheckThreadId -->
