<?xml version="1.0" encoding="UTF-8"?>
<!-- Generated by org.testng.reporters.JUnitReportReporter -->
<testsuite hostname="Mohits-MacBook-Air.local" failures="0" tests="2" name="mytest.conceptTests.ExtentReportsTest" time="14.123" errors="0" timestamp="12 Dec 2021 14:48:47 GMT">
  <testcase classname="mytest.conceptTests.ExtentReportsTest" name="secondTest" time="7.634"/>
  <testcase classname="mytest.conceptTests.ExtentReportsTest" name="firstTest" time="6.489"/>
</testsuite> <!-- mytest.conceptTests.ExtentReportsTest -->
